Start auto log messages stack - Iteration 1.	[MsgId: MMSG-10545]
t=00037904ms: Request body for "https://api.github.com/_private/browser/stats" (19222 byte(s)) (internal ID=120)    [MsgId: MMSG-204698]	[MsgId: MMSG-204698]
Message id [0] was not saved - Auto Log cache is too small to contain the message.	[MsgId: MMSG-10547]
Message id [-204697] was not saved - Auto Log cache is too small to contain the message.	[MsgId: MMSG-10547]
		  HTTP/2.0 200 OK
		  blocked-by: NextDNS
		  content-length: 0
		  date: Fri, 12 Mar 2021 00:54:25 GMT
		  X-Firefox-Spdy: h2
		  
	[MsgId: MMSG0]
Message id [-204696] was not saved - Auto Log cache is too small to contain the message.	[MsgId: MMSG-10547]
	[MsgId: MMSG0]
t=00038323ms: Response headers for "https://api.github.com/_private/browser/stats" (991 byte(s)) (internal ID=120)    [MsgId: MMSG-204697]	[MsgId: MMSG-204697]
Message id [0] was not saved - Auto Log cache is too small to contain the message.	[MsgId: MMSG-10547]
t=00038332ms: Response body for "https://api.github.com/_private/browser/stats" (0 byte(s), decoded) (internal ID=120)    [MsgId: MMSG-204696]	[MsgId: MMSG-204696]
	[MsgId: MMSG0]
t=00050471ms: Error -205177: Step 4: Select 4 from Quantity listbox failed - Target object was not found. Identification Method: Automatic       Snapshot Info [MSH 1 0]    [MsgId: MERR-205177]	[MsgId: MERR-205177]
Start auto log messages stack - Iteration 2.	[MsgId: MMSG-10545]
		  *** Binary Body ***	[MsgId: MMSG0]
t=00056543ms: Response body for "https://fonts.gstatic.com/s/roboto/v20/KFOlCnqEu92Fr1MmEU9fBBc4.woff2" (19 byte(s), decoded) (internal ID=161)    [MsgId: MMSG-204696]	[MsgId: MMSG-204696]
		  *** Binary Body ***	[MsgId: MMSG0]
t=00056797ms: Step 1: Navigate to https://onlineboutique.dev/ successfully completed with End Event "Document Loaded"    [MsgId: MMSG-205180]	[MsgId: MMSG-205180]
Notify: Transaction "T00_Launch" ended with a "Pass" status (Duration: 4.1780 Wasted Time: 0.6900).	[MsgId: MMSG-16871]
t=00056809ms: Step 2: Evaluate JavaScript code var linkCount = document...nt[randomLink]); started    [MsgId: MMSG-205180]	[MsgId: MMSG-205180]
t=00057071ms: Step 2: Evaluate JavaScript code var linkCount = document...nt[randomLink]); successfully completed with End Event "Action completed"    [MsgId: MMSG-205180]	[MsgId: MMSG-205180]
t=00057548ms: Step 3: Click on Random Product link started    [MsgId: MMSG-205180]	[MsgId: MMSG-205180]
t=00079733ms: Error -205177: Step 3: Click on Random Product link failed - Target object was not found. Identification Method: JavaScript       Snapshot Info [MSH 2 1]    [MsgId: MERR-205177]	[MsgId: MERR-205177]
Start auto log messages stack - Iteration 5.	[MsgId: MMSG-10545]
		  *** Binary Body ***	[MsgId: MMSG0]
t=00100094ms: Response body for "https://onlineboutique.dev/static/images/HeroBannerImage2.png" (19 byte(s), decoded) (internal ID=380)    [MsgId: MMSG-204696]	[MsgId: MMSG-204696]
		  *** Binary Body ***	[MsgId: MMSG0]
t=00100389ms: Step 1: Navigate to https://onlineboutique.dev/ successfully completed with End Event "Document Loaded"    [MsgId: MMSG-205180]	[MsgId: MMSG-205180]
Notify: Transaction "T00_Launch" ended with a "Pass" status (Duration: 4.1490 Wasted Time: 0.4000).	[MsgId: MMSG-16871]
t=00100391ms: Step 2: Evaluate JavaScript code var linkCount = document...nt[randomLink]); started    [MsgId: MMSG-205180]	[MsgId: MMSG-205180]
t=00100584ms: Step 2: Evaluate JavaScript code var linkCount = document...nt[randomLink]); successfully completed with End Event "Action completed"    [MsgId: MMSG-205180]	[MsgId: MMSG-205180]
t=00101071ms: Step 3: Click on Random Product link started    [MsgId: MMSG-205180]	[MsgId: MMSG-205180]
t=00123089ms: Error -205177: Step 3: Click on Random Product link failed - Target object was not found. Identification Method: JavaScript       Snapshot Info [MSH 5 0]    [MsgId: MERR-205177]	[MsgId: MERR-205177]
Start auto log messages stack - Iteration 8.	[MsgId: MMSG-10545]
		  *** Binary Body ***	[MsgId: MMSG0]
t=00164251ms: Response body for "https://fonts.gstatic.com/s/roboto/v20/KFOmCnqEu92Fr1Mu4mxK.woff2" (19 byte(s), decoded) (internal ID=584)    [MsgId: MMSG-204696]	[MsgId: MMSG-204696]
		  *** Binary Body ***	[MsgId: MMSG0]
t=00164698ms: Step 1: Navigate to https://onlineboutique.dev/ successfully completed with End Event "Document Loaded"    [MsgId: MMSG-205180]	[MsgId: MMSG-205180]
Notify: Transaction "T00_Launch" ended with a "Pass" status (Duration: 3.6870 Wasted Time: 0.4410).	[MsgId: MMSG-16871]
t=00164698ms: Step 2: Evaluate JavaScript code var linkCount = document...nt[randomLink]); started    [MsgId: MMSG-205180]	[MsgId: MMSG-205180]
t=00164802ms: Step 2: Evaluate JavaScript code var linkCount = document...nt[randomLink]); successfully completed with End Event "Action completed"    [MsgId: MMSG-205180]	[MsgId: MMSG-205180]
t=00165456ms: Step 3: Click on Random Product link started    [MsgId: MMSG-205180]	[MsgId: MMSG-205180]
t=00187004ms: Error -205177: Step 3: Click on Random Product link failed - Target object was not found. Identification Method: JavaScript       Snapshot Info [MSH 8 2]    [MsgId: MERR-205177]	[MsgId: MERR-205177]
End auto log messages stack.	[MsgId: MMSG-10544]


